Arguments: 
  /usr/local/Cellar/node/9.9.0/bin/node /usr/local/bin/yarn dev

PATH: 
  /usr/local/bin:/usr/bin:/bin:/usr/sbin:/sbin

Yarn version: 
  1.5.1

Node version: 
  9.9.0

Platform: 
  darwin x64

npm manifest: 
  {
    "name": "degree-house",
    "version": "0.0.1",
    "description": "A WePY project",
    "main": "dist/app.js",
    "scripts": {
      "dev": "wepy build --watch",
      "build": "cross-env NODE_ENV=production wepy build --no-cache",
      "dev:web": "wepy build --output web",
      "clean": "find ./dist -maxdepth 1 -not -name 'project.config.json' -not -name 'dist' | xargs rm -rf",
      "test": "echo \"Error: no test specified\" && exit 1"
    },
    "wepy": {
      "module-a": false,
      "./src/components/list": "./src/components/wepy-list.wpy"
    },
    "author": "xiongjie <285516193@qq.com>",
    "license": "MIT",
    "dependencies": {
      "wepy": "^1.6.0",
      "wepy-async-function": "^1.4.4",
      "wepy-com-toast": "^1.0.2"
    },
    "devDependencies": {
      "babel-eslint": "^7.2.1",
      "babel-plugin-transform-class-properties": "^6.24.1",
      "babel-plugin-transform-decorators-legacy": "^1.3.4",
      "babel-plugin-transform-export-extensions": "^6.22.0",
      "babel-plugin-transform-object-rest-spread": "^6.26.0",
      "babel-preset-env": "^1.6.1",
      "cross-env": "^5.1.3",
      "wepy-compiler-babel": "^1.5.1",
      "wepy-compiler-less": "^1.3.10"
    }
  }

yarn manifest: 
  No manifest

Lockfile: 
  No lockfile

Trace: 
  Error: Command failed.
  Exit code: 1
  Command: sh
  Arguments: -c wepy build --watch
  Directory: /Users/xiongjie/git/degree-house
  Output:
  
      at ProcessTermError.MessageError (/usr/local/lib/node_modules/yarn/lib/cli.js:186:110)
      at new ProcessTermError (/usr/local/lib/node_modules/yarn/lib/cli.js:226:113)
      at ChildProcess.<anonymous> (/usr/local/lib/node_modules/yarn/lib/cli.js:30281:17)
      at ChildProcess.emit (events.js:180:13)
      at maybeClose (internal/child_process.js:936:16)
      at Process.ChildProcess._handle.onexit (internal/child_process.js:220:5)
